  Source.cpp
e:\work\projects\projects\travelingsalesperson\travelingsalesperson\source.cpp(45): warning C4018: '<': signed/unsigned mismatch
e:\work\projects\projects\travelingsalesperson\travelingsalesperson\source.cpp(42): warning C4101: 'temp': unreferenced local variable
e:\work\projects\projects\travelingsalesperson\travelingsalesperson\source.cpp(62): warning C4018: '<': signed/unsigned mismatch
e:\work\projects\projects\travelingsalesperson\travelingsalesperson\source.cpp(59): warning C4101: 'temp': unreferenced local variable
e:\work\projects\projects\travelingsalesperson\travelingsalesperson\source.cpp(78): warning C4018: '<': signed/unsigned mismatch
e:\work\projects\projects\travelingsalesperson\travelingsalesperson\source.cpp(75): warning C4101: 'temp': unreferenced local variable
e:\work\projects\projects\travelingsalesperson\travelingsalesperson\source.cpp(94): warning C4018: '<': signed/unsigned mismatch
e:\work\projects\projects\travelingsalesperson\travelingsalesperson\source.cpp(91): warning C4101: 'temp': unreferenced local variable
e:\work\projects\projects\travelingsalesperson\travelingsalesperson\source.cpp(160): warning C4273: 'round': inconsistent dll linkage
  c:\program files (x86)\windows kits\10\include\10.0.10240.0\ucrt\math.h(521): note: see previous definition of 'round'
e:\work\projects\projects\travelingsalesperson\travelingsalesperson\source.cpp(169): warning C4244: '=': conversion from 'double' to 'int', possible loss of data
e:\work\projects\projects\travelingsalesperson\travelingsalesperson\source.cpp(266): warning C4018: '<': signed/unsigned mismatch
e:\work\projects\projects\travelingsalesperson\travelingsalesperson\source.cpp(292): warning C4018: '<': signed/unsigned mismatch
e:\work\projects\projects\travelingsalesperson\travelingsalesperson\source.cpp(318): warning C4018: '<': signed/unsigned mismatch
e:\work\projects\projects\travelingsalesperson\travelingsalesperson\source.cpp(332): warning C4018: '<': signed/unsigned mismatch
e:\work\projects\projects\travelingsalesperson\travelingsalesperson\source.cpp(425): warning C4018: '<': signed/unsigned mismatch
     Creating library E:\work\Projects\projects\TravelingSalesPerson\Debug\TravelingSalesPerson.lib and object E:\work\Projects\projects\TravelingSalesPerson\Debug\TravelingSalesPerson.exp
  TravelingSalesPerson.vcxproj -> E:\work\Projects\projects\TravelingSalesPerson\Debug\TravelingSalesPerson.exe
  TravelingSalesPerson.vcxproj -> E:\work\Projects\projects\TravelingSalesPerson\Debug\TravelingSalesPerson.pdb (Full PDB)
